2018-04-14 22:05:05,545 ERROR com.msemu.commons.utils.ClassUtils 27 singletonInstance - Error while calling singleton instance of DatabaseFactory java.lang.reflect.InvocationTargetException: null
	at sun.reflect.NativeMethodAccessorImpl.invoke0(Native Method) ~[?:1.8.0_60]
	at sun.reflect.NativeMethodAccessorImpl.invoke(NativeMethodAccessorImpl.java:62) ~[?:1.8.0_60]
	at sun.reflect.DelegatingMethodAccessorImpl.invoke(DelegatingMethodAccessorImpl.java:43) ~[?:1.8.0_60]
	at java.lang.reflect.Method.invoke(Method.java:497) ~[?:1.8.0_60]
	at com.msemu.commons.utils.ClassUtils.singletonInstance(ClassUtils.java:25) ~[classes/:?]
	at com.msemu.core.startup.StartModule.init(StartModule.java:29) ~[classes/:?]
	at java.util.ArrayList.forEach(ArrayList.java:1249) [?:1.8.0_60]
	at com.msemu.core.startup.StartupInstance.runLevel(StartupInstance.java:30) [classes/:?]
	at com.msemu.core.startup.StartupManager.startup(StartupManager.java:78) [classes/:?]
	at com.msemu.login.LoginServer.<init>(LoginServer.java:17) [classes/:?]
	at com.msemu.login.LoginServer.main(LoginServer.java:23) [classes/:?]
Caused by: org.hibernate.AnnotationException: Use of @OneToMany or @ManyToMany targeting an unmapped class: com.msemu.login.client.Account.characters[com.msemu.login.client.character.Character]
	at org.hibernate.cfg.annotations.CollectionBinder.bindManyToManySecondPass(CollectionBinder.java:1253) ~[hibernate-core-5.2.12.Final.jar:5.2.12.Final]
	at org.hibernate.cfg.annotations.CollectionBinder.bindStarToManySecondPass(CollectionBinder.java:810) ~[hibernate-core-5.2.12.Final.jar:5.2.12.Final]
	at org.hibernate.cfg.annotations.CollectionBinder$1.secondPass(CollectionBinder.java:735) ~[hibernate-core-5.2.12.Final.jar:5.2.12.Final]
	at org.hibernate.cfg.CollectionSecondPass.doSecondPass(CollectionSecondPass.java:54) ~[hibernate-core-5.2.12.Final.jar:5.2.12.Final]
	at org.hibernate.boot.internal.InFlightMetadataCollectorImpl.processSecondPasses(InFlightMetadataCollectorImpl.java:1621) ~[hibernate-core-5.2.12.Final.jar:5.2.12.Final]
	at org.hibernate.boot.internal.InFlightMetadataCollectorImpl.processSecondPasses(InFlightMetadataCollectorImpl.java:1589) ~[hibernate-core-5.2.12.Final.jar:5.2.12.Final]
	at org.hibernate.boot.model.process.spi.MetadataBuildingProcess.complete(MetadataBuildingProcess.java:278) ~[hibernate-core-5.2.12.Final.jar:5.2.12.Final]
	at org.hibernate.boot.model.process.spi.MetadataBuildingProcess.build(MetadataBuildingProcess.java:83) ~[hibernate-core-5.2.12.Final.jar:5.2.12.Final]
	at org.hibernate.boot.internal.MetadataBuilderImpl.build(MetadataBuilderImpl.java:418) ~[hibernate-core-5.2.12.Final.jar:5.2.12.Final]
	at org.hibernate.boot.internal.MetadataBuilderImpl.build(MetadataBuilderImpl.java:87) ~[hibernate-core-5.2.12.Final.jar:5.2.12.Final]
	at org.hibernate.cfg.Configuration.buildSessionFactory(Configuration.java:691) ~[hibernate-core-5.2.12.Final.jar:5.2.12.Final]
	at org.hibernate.cfg.Configuration.buildSessionFactory(Configuration.java:726) ~[hibernate-core-5.2.12.Final.jar:5.2.12.Final]
	at com.msemu.commons.database.DatabaseFactory.initializeDatabase(DatabaseFactory.java:60) ~[classes/:?]
	at com.msemu.commons.database.DatabaseFactory.<init>(DatabaseFactory.java:31) ~[classes/:?]
	at com.msemu.commons.database.DatabaseFactory.getInstance(DatabaseFactory.java:41) ~[classes/:?]
	... 11 more

