2018-04-17 19:22:14,253 ERROR com.msemu.world.service.WorldServerRMI 57 connectToLoginServer - Connection to login server failed java.rmi.ConnectIOException: error during JRMP connection establishment; nested exception is: 
	java.net.SocketTimeoutException: Read timed out
	at sun.rmi.transport.tcp.TCPChannel.createConnection(TCPChannel.java:304) ~[?:1.8.0_60]
	at sun.rmi.transport.tcp.TCPChannel.newConnection(TCPChannel.java:202) ~[?:1.8.0_60]
	at sun.rmi.server.UnicastRef.newCall(UnicastRef.java:342) ~[?:1.8.0_60]
	at sun.rmi.registry.RegistryImpl_Stub.lookup(Unknown Source) ~[?:1.8.0_60]
	at com.msemu.world.service.WorldServerRMI.connectToLoginServer(WorldServerRMI.java:42) ~[classes/:?]
	at com.msemu.world.service.WorldServerRMI.lambda$onConnectionLost$130(WorldServerRMI.java:112) ~[classes/:?]
	at java.util.concurrent.Executors$RunnableAdapter.call(Executors.java:511) [?:1.8.0_60]
	at java.util.concurrent.FutureTask.run(FutureTask.java:266) [?:1.8.0_60]
	at java.util.concurrent.ScheduledThreadPoolExecutor$ScheduledFutureTask.access$201(ScheduledThreadPoolExecutor.java:180) [?:1.8.0_60]
	at java.util.concurrent.ScheduledThreadPoolExecutor$ScheduledFutureTask.run(ScheduledThreadPoolExecutor.java:293) [?:1.8.0_60]
	at java.util.concurrent.ThreadPoolExecutor.runWorker(ThreadPoolExecutor.java:1142) [?:1.8.0_60]
	at java.util.concurrent.ThreadPoolExecutor$Worker.run(ThreadPoolExecutor.java:617) [?:1.8.0_60]
	at java.lang.Thread.run(Thread.java:745) [?:1.8.0_60]
Caused by: java.net.SocketTimeoutException: Read timed out
	at java.net.SocketInputStream.socketRead0(Native Method) ~[?:1.8.0_60]
	at java.net.SocketInputStream.socketRead(SocketInputStream.java:116) ~[?:1.8.0_60]
	at java.net.SocketInputStream.read(SocketInputStream.java:170) ~[?:1.8.0_60]
	at java.net.SocketInputStream.read(SocketInputStream.java:141) ~[?:1.8.0_60]
	at java.io.BufferedInputStream.fill(BufferedInputStream.java:246) ~[?:1.8.0_60]
	at java.io.BufferedInputStream.read(BufferedInputStream.java:265) ~[?:1.8.0_60]
	at java.io.DataInputStream.readByte(DataInputStream.java:265) ~[?:1.8.0_60]
	at sun.rmi.transport.tcp.TCPChannel.createConnection(TCPChannel.java:246) ~[?:1.8.0_60]
	... 12 more

2018-04-17 19:23:16,259 ERROR com.msemu.world.service.WorldServerRMI 57 connectToLoginServer - Connection to login server failed java.rmi.ConnectIOException: error during JRMP connection establishment; nested exception is: 
	java.net.SocketTimeoutException: Read timed out
	at sun.rmi.transport.tcp.TCPChannel.createConnection(TCPChannel.java:304) ~[?:1.8.0_60]
	at sun.rmi.transport.tcp.TCPChannel.newConnection(TCPChannel.java:202) ~[?:1.8.0_60]
	at sun.rmi.server.UnicastRef.newCall(UnicastRef.java:342) ~[?:1.8.0_60]
	at sun.rmi.registry.RegistryImpl_Stub.lookup(Unknown Source) ~[?:1.8.0_60]
	at com.msemu.world.service.WorldServerRMI.connectToLoginServer(WorldServerRMI.java:42) ~[classes/:?]
	at com.msemu.world.service.WorldServerRMI.lambda$onConnectionLost$130(WorldServerRMI.java:112) ~[classes/:?]
	at java.util.concurrent.Executors$RunnableAdapter.call(Executors.java:511) [?:1.8.0_60]
	at java.util.concurrent.FutureTask.run(FutureTask.java:266) [?:1.8.0_60]
	at java.util.concurrent.ScheduledThreadPoolExecutor$ScheduledFutureTask.access$201(ScheduledThreadPoolExecutor.java:180) [?:1.8.0_60]
	at java.util.concurrent.ScheduledThreadPoolExecutor$ScheduledFutureTask.run(ScheduledThreadPoolExecutor.java:293) [?:1.8.0_60]
	at java.util.concurrent.ThreadPoolExecutor.runWorker(ThreadPoolExecutor.java:1142) [?:1.8.0_60]
	at java.util.concurrent.ThreadPoolExecutor$Worker.run(ThreadPoolExecutor.java:617) [?:1.8.0_60]
	at java.lang.Thread.run(Thread.java:745) [?:1.8.0_60]
Caused by: java.net.SocketTimeoutException: Read timed out
	at java.net.SocketInputStream.socketRead0(Native Method) ~[?:1.8.0_60]
	at java.net.SocketInputStream.socketRead(SocketInputStream.java:116) ~[?:1.8.0_60]
	at java.net.SocketInputStream.read(SocketInputStream.java:170) ~[?:1.8.0_60]
	at java.net.SocketInputStream.read(SocketInputStream.java:141) ~[?:1.8.0_60]
	at java.io.BufferedInputStream.fill(BufferedInputStream.java:246) ~[?:1.8.0_60]
	at java.io.BufferedInputStream.read(BufferedInputStream.java:265) ~[?:1.8.0_60]
	at java.io.DataInputStream.readByte(DataInputStream.java:265) ~[?:1.8.0_60]
	at sun.rmi.transport.tcp.TCPChannel.createConnection(TCPChannel.java:246) ~[?:1.8.0_60]
	... 12 more

2018-04-17 19:24:18,262 ERROR com.msemu.world.service.WorldServerRMI 57 connectToLoginServer - Connection to login server failed java.rmi.ConnectIOException: error during JRMP connection establishment; nested exception is: 
	java.net.SocketTimeoutException: Read timed out
	at sun.rmi.transport.tcp.TCPChannel.createConnection(TCPChannel.java:304) ~[?:1.8.0_60]
	at sun.rmi.transport.tcp.TCPChannel.newConnection(TCPChannel.java:202) ~[?:1.8.0_60]
	at sun.rmi.server.UnicastRef.newCall(UnicastRef.java:342) ~[?:1.8.0_60]
	at sun.rmi.registry.RegistryImpl_Stub.lookup(Unknown Source) ~[?:1.8.0_60]
	at com.msemu.world.service.WorldServerRMI.connectToLoginServer(WorldServerRMI.java:42) ~[classes/:?]
	at com.msemu.world.service.WorldServerRMI.lambda$onConnectionLost$130(WorldServerRMI.java:112) ~[classes/:?]
	at java.util.concurrent.Executors$RunnableAdapter.call(Executors.java:511) [?:1.8.0_60]
	at java.util.concurrent.FutureTask.run(FutureTask.java:266) [?:1.8.0_60]
	at java.util.concurrent.ScheduledThreadPoolExecutor$ScheduledFutureTask.access$201(ScheduledThreadPoolExecutor.java:180) [?:1.8.0_60]
	at java.util.concurrent.ScheduledThreadPoolExecutor$ScheduledFutureTask.run(ScheduledThreadPoolExecutor.java:293) [?:1.8.0_60]
	at java.util.concurrent.ThreadPoolExecutor.runWorker(ThreadPoolExecutor.java:1142) [?:1.8.0_60]
	at java.util.concurrent.ThreadPoolExecutor$Worker.run(ThreadPoolExecutor.java:617) [?:1.8.0_60]
	at java.lang.Thread.run(Thread.java:745) [?:1.8.0_60]
Caused by: java.net.SocketTimeoutException: Read timed out
	at java.net.SocketInputStream.socketRead0(Native Method) ~[?:1.8.0_60]
	at java.net.SocketInputStream.socketRead(SocketInputStream.java:116) ~[?:1.8.0_60]
	at java.net.SocketInputStream.read(SocketInputStream.java:170) ~[?:1.8.0_60]
	at java.net.SocketInputStream.read(SocketInputStream.java:141) ~[?:1.8.0_60]
	at java.io.BufferedInputStream.fill(BufferedInputStream.java:246) ~[?:1.8.0_60]
	at java.io.BufferedInputStream.read(BufferedInputStream.java:265) ~[?:1.8.0_60]
	at java.io.DataInputStream.readByte(DataInputStream.java:265) ~[?:1.8.0_60]
	at sun.rmi.transport.tcp.TCPChannel.createConnection(TCPChannel.java:246) ~[?:1.8.0_60]
	... 12 more

2018-04-17 19:25:20,266 ERROR com.msemu.world.service.WorldServerRMI 57 connectToLoginServer - Connection to login server failed java.rmi.ConnectIOException: error during JRMP connection establishment; nested exception is: 
	java.net.SocketTimeoutException: Read timed out
	at sun.rmi.transport.tcp.TCPChannel.createConnection(TCPChannel.java:304) ~[?:1.8.0_60]
	at sun.rmi.transport.tcp.TCPChannel.newConnection(TCPChannel.java:202) ~[?:1.8.0_60]
	at sun.rmi.server.UnicastRef.newCall(UnicastRef.java:342) ~[?:1.8.0_60]
	at sun.rmi.registry.RegistryImpl_Stub.lookup(Unknown Source) ~[?:1.8.0_60]
	at com.msemu.world.service.WorldServerRMI.connectToLoginServer(WorldServerRMI.java:42) ~[classes/:?]
	at com.msemu.world.service.WorldServerRMI.lambda$onConnectionLost$130(WorldServerRMI.java:112) ~[classes/:?]
	at java.util.concurrent.Executors$RunnableAdapter.call(Executors.java:511) [?:1.8.0_60]
	at java.util.concurrent.FutureTask.run(FutureTask.java:266) [?:1.8.0_60]
	at java.util.concurrent.ScheduledThreadPoolExecutor$ScheduledFutureTask.access$201(ScheduledThreadPoolExecutor.java:180) [?:1.8.0_60]
	at java.util.concurrent.ScheduledThreadPoolExecutor$ScheduledFutureTask.run(ScheduledThreadPoolExecutor.java:293) [?:1.8.0_60]
	at java.util.concurrent.ThreadPoolExecutor.runWorker(ThreadPoolExecutor.java:1142) [?:1.8.0_60]
	at java.util.concurrent.ThreadPoolExecutor$Worker.run(ThreadPoolExecutor.java:617) [?:1.8.0_60]
	at java.lang.Thread.run(Thread.java:745) [?:1.8.0_60]
Caused by: java.net.SocketTimeoutException: Read timed out
	at java.net.SocketInputStream.socketRead0(Native Method) ~[?:1.8.0_60]
	at java.net.SocketInputStream.socketRead(SocketInputStream.java:116) ~[?:1.8.0_60]
	at java.net.SocketInputStream.read(SocketInputStream.java:170) ~[?:1.8.0_60]
	at java.net.SocketInputStream.read(SocketInputStream.java:141) ~[?:1.8.0_60]
	at java.io.BufferedInputStream.fill(BufferedInputStream.java:246) ~[?:1.8.0_60]
	at java.io.BufferedInputStream.read(BufferedInputStream.java:265) ~[?:1.8.0_60]
	at java.io.DataInputStream.readByte(DataInputStream.java:265) ~[?:1.8.0_60]
	at sun.rmi.transport.tcp.TCPChannel.createConnection(TCPChannel.java:246) ~[?:1.8.0_60]
	... 12 more

2018-04-17 19:26:22,271 ERROR com.msemu.world.service.WorldServerRMI 57 connectToLoginServer - Connection to login server failed java.rmi.ConnectIOException: error during JRMP connection establishment; nested exception is: 
	java.net.SocketTimeoutException: Read timed out
	at sun.rmi.transport.tcp.TCPChannel.createConnection(TCPChannel.java:304) ~[?:1.8.0_60]
	at sun.rmi.transport.tcp.TCPChannel.newConnection(TCPChannel.java:202) ~[?:1.8.0_60]
	at sun.rmi.server.UnicastRef.newCall(UnicastRef.java:342) ~[?:1.8.0_60]
	at sun.rmi.registry.RegistryImpl_Stub.lookup(Unknown Source) ~[?:1.8.0_60]
	at com.msemu.world.service.WorldServerRMI.connectToLoginServer(WorldServerRMI.java:42) ~[classes/:?]
	at com.msemu.world.service.WorldServerRMI.lambda$onConnectionLost$130(WorldServerRMI.java:112) ~[classes/:?]
	at java.util.concurrent.Executors$RunnableAdapter.call(Executors.java:511) [?:1.8.0_60]
	at java.util.concurrent.FutureTask.run(FutureTask.java:266) [?:1.8.0_60]
	at java.util.concurrent.ScheduledThreadPoolExecutor$ScheduledFutureTask.access$201(ScheduledThreadPoolExecutor.java:180) [?:1.8.0_60]
	at java.util.concurrent.ScheduledThreadPoolExecutor$ScheduledFutureTask.run(ScheduledThreadPoolExecutor.java:293) [?:1.8.0_60]
	at java.util.concurrent.ThreadPoolExecutor.runWorker(ThreadPoolExecutor.java:1142) [?:1.8.0_60]
	at java.util.concurrent.ThreadPoolExecutor$Worker.run(ThreadPoolExecutor.java:617) [?:1.8.0_60]
	at java.lang.Thread.run(Thread.java:745) [?:1.8.0_60]
Caused by: java.net.SocketTimeoutException: Read timed out
	at java.net.SocketInputStream.socketRead0(Native Method) ~[?:1.8.0_60]
	at java.net.SocketInputStream.socketRead(SocketInputStream.java:116) ~[?:1.8.0_60]
	at java.net.SocketInputStream.read(SocketInputStream.java:170) ~[?:1.8.0_60]
	at java.net.SocketInputStream.read(SocketInputStream.java:141) ~[?:1.8.0_60]
	at java.io.BufferedInputStream.fill(BufferedInputStream.java:246) ~[?:1.8.0_60]
	at java.io.BufferedInputStream.read(BufferedInputStream.java:265) ~[?:1.8.0_60]
	at java.io.DataInputStream.readByte(DataInputStream.java:265) ~[?:1.8.0_60]
	at sun.rmi.transport.tcp.TCPChannel.createConnection(TCPChannel.java:246) ~[?:1.8.0_60]
	... 12 more

2018-04-17 19:27:24,274 ERROR com.msemu.world.service.WorldServerRMI 57 connectToLoginServer - Connection to login server failed java.rmi.ConnectIOException: error during JRMP connection establishment; nested exception is: 
	java.net.SocketTimeoutException: Read timed out
	at sun.rmi.transport.tcp.TCPChannel.createConnection(TCPChannel.java:304) ~[?:1.8.0_60]
	at sun.rmi.transport.tcp.TCPChannel.newConnection(TCPChannel.java:202) ~[?:1.8.0_60]
	at sun.rmi.server.UnicastRef.newCall(UnicastRef.java:342) ~[?:1.8.0_60]
	at sun.rmi.registry.RegistryImpl_Stub.lookup(Unknown Source) ~[?:1.8.0_60]
	at com.msemu.world.service.WorldServerRMI.connectToLoginServer(WorldServerRMI.java:42) ~[classes/:?]
	at com.msemu.world.service.WorldServerRMI.lambda$onConnectionLost$130(WorldServerRMI.java:112) ~[classes/:?]
	at java.util.concurrent.Executors$RunnableAdapter.call(Executors.java:511) [?:1.8.0_60]
	at java.util.concurrent.FutureTask.run(FutureTask.java:266) [?:1.8.0_60]
	at java.util.concurrent.ScheduledThreadPoolExecutor$ScheduledFutureTask.access$201(ScheduledThreadPoolExecutor.java:180) [?:1.8.0_60]
	at java.util.concurrent.ScheduledThreadPoolExecutor$ScheduledFutureTask.run(ScheduledThreadPoolExecutor.java:293) [?:1.8.0_60]
	at java.util.concurrent.ThreadPoolExecutor.runWorker(ThreadPoolExecutor.java:1142) [?:1.8.0_60]
	at java.util.concurrent.ThreadPoolExecutor$Worker.run(ThreadPoolExecutor.java:617) [?:1.8.0_60]
	at java.lang.Thread.run(Thread.java:745) [?:1.8.0_60]
Caused by: java.net.SocketTimeoutException: Read timed out
	at java.net.SocketInputStream.socketRead0(Native Method) ~[?:1.8.0_60]
	at java.net.SocketInputStream.socketRead(SocketInputStream.java:116) ~[?:1.8.0_60]
	at java.net.SocketInputStream.read(SocketInputStream.java:170) ~[?:1.8.0_60]
	at java.net.SocketInputStream.read(SocketInputStream.java:141) ~[?:1.8.0_60]
	at java.io.BufferedInputStream.fill(BufferedInputStream.java:246) ~[?:1.8.0_60]
	at java.io.BufferedInputStream.read(BufferedInputStream.java:265) ~[?:1.8.0_60]
	at java.io.DataInputStream.readByte(DataInputStream.java:265) ~[?:1.8.0_60]
	at sun.rmi.transport.tcp.TCPChannel.createConnection(TCPChannel.java:246) ~[?:1.8.0_60]
	... 12 more

2018-04-17 19:28:26,277 ERROR com.msemu.world.service.WorldServerRMI 57 connectToLoginServer - Connection to login server failed java.rmi.ConnectIOException: error during JRMP connection establishment; nested exception is: 
	java.net.SocketTimeoutException: Read timed out
	at sun.rmi.transport.tcp.TCPChannel.createConnection(TCPChannel.java:304) ~[?:1.8.0_60]
	at sun.rmi.transport.tcp.TCPChannel.newConnection(TCPChannel.java:202) ~[?:1.8.0_60]
	at sun.rmi.server.UnicastRef.newCall(UnicastRef.java:342) ~[?:1.8.0_60]
	at sun.rmi.registry.RegistryImpl_Stub.lookup(Unknown Source) ~[?:1.8.0_60]
	at com.msemu.world.service.WorldServerRMI.connectToLoginServer(WorldServerRMI.java:42) ~[classes/:?]
	at com.msemu.world.service.WorldServerRMI.lambda$onConnectionLost$130(WorldServerRMI.java:112) ~[classes/:?]
	at java.util.concurrent.Executors$RunnableAdapter.call(Executors.java:511) [?:1.8.0_60]
	at java.util.concurrent.FutureTask.run(FutureTask.java:266) [?:1.8.0_60]
	at java.util.concurrent.ScheduledThreadPoolExecutor$ScheduledFutureTask.access$201(ScheduledThreadPoolExecutor.java:180) [?:1.8.0_60]
	at java.util.concurrent.ScheduledThreadPoolExecutor$ScheduledFutureTask.run(ScheduledThreadPoolExecutor.java:293) [?:1.8.0_60]
	at java.util.concurrent.ThreadPoolExecutor.runWorker(ThreadPoolExecutor.java:1142) [?:1.8.0_60]
	at java.util.concurrent.ThreadPoolExecutor$Worker.run(ThreadPoolExecutor.java:617) [?:1.8.0_60]
	at java.lang.Thread.run(Thread.java:745) [?:1.8.0_60]
Caused by: java.net.SocketTimeoutException: Read timed out
	at java.net.SocketInputStream.socketRead0(Native Method) ~[?:1.8.0_60]
	at java.net.SocketInputStream.socketRead(SocketInputStream.java:116) ~[?:1.8.0_60]
	at java.net.SocketInputStream.read(SocketInputStream.java:170) ~[?:1.8.0_60]
	at java.net.SocketInputStream.read(SocketInputStream.java:141) ~[?:1.8.0_60]
	at java.io.BufferedInputStream.fill(BufferedInputStream.java:246) ~[?:1.8.0_60]
	at java.io.BufferedInputStream.read(BufferedInputStream.java:265) ~[?:1.8.0_60]
	at java.io.DataInputStream.readByte(DataInputStream.java:265) ~[?:1.8.0_60]
	at sun.rmi.transport.tcp.TCPChannel.createConnection(TCPChannel.java:246) ~[?:1.8.0_60]
	... 12 more

2018-04-17 19:29:28,281 ERROR com.msemu.world.service.WorldServerRMI 57 connectToLoginServer - Connection to login server failed java.rmi.ConnectIOException: error during JRMP connection establishment; nested exception is: 
	java.net.SocketTimeoutException: Read timed out
	at sun.rmi.transport.tcp.TCPChannel.createConnection(TCPChannel.java:304) ~[?:1.8.0_60]
	at sun.rmi.transport.tcp.TCPChannel.newConnection(TCPChannel.java:202) ~[?:1.8.0_60]
	at sun.rmi.server.UnicastRef.newCall(UnicastRef.java:342) ~[?:1.8.0_60]
	at sun.rmi.registry.RegistryImpl_Stub.lookup(Unknown Source) ~[?:1.8.0_60]
	at com.msemu.world.service.WorldServerRMI.connectToLoginServer(WorldServerRMI.java:42) ~[classes/:?]
	at com.msemu.world.service.WorldServerRMI.lambda$onConnectionLost$130(WorldServerRMI.java:112) ~[classes/:?]
	at java.util.concurrent.Executors$RunnableAdapter.call(Executors.java:511) [?:1.8.0_60]
	at java.util.concurrent.FutureTask.run(FutureTask.java:266) [?:1.8.0_60]
	at java.util.concurrent.ScheduledThreadPoolExecutor$ScheduledFutureTask.access$201(ScheduledThreadPoolExecutor.java:180) [?:1.8.0_60]
	at java.util.concurrent.ScheduledThreadPoolExecutor$ScheduledFutureTask.run(ScheduledThreadPoolExecutor.java:293) [?:1.8.0_60]
	at java.util.concurrent.ThreadPoolExecutor.runWorker(ThreadPoolExecutor.java:1142) [?:1.8.0_60]
	at java.util.concurrent.ThreadPoolExecutor$Worker.run(ThreadPoolExecutor.java:617) [?:1.8.0_60]
	at java.lang.Thread.run(Thread.java:745) [?:1.8.0_60]
Caused by: java.net.SocketTimeoutException: Read timed out
	at java.net.SocketInputStream.socketRead0(Native Method) ~[?:1.8.0_60]
	at java.net.SocketInputStream.socketRead(SocketInputStream.java:116) ~[?:1.8.0_60]
	at java.net.SocketInputStream.read(SocketInputStream.java:170) ~[?:1.8.0_60]
	at java.net.SocketInputStream.read(SocketInputStream.java:141) ~[?:1.8.0_60]
	at java.io.BufferedInputStream.fill(BufferedInputStream.java:246) ~[?:1.8.0_60]
	at java.io.BufferedInputStream.read(BufferedInputStream.java:265) ~[?:1.8.0_60]
	at java.io.DataInputStream.readByte(DataInputStream.java:265) ~[?:1.8.0_60]
	at sun.rmi.transport.tcp.TCPChannel.createConnection(TCPChannel.java:246) ~[?:1.8.0_60]
	... 12 more

2018-04-17 19:30:30,284 ERROR com.msemu.world.service.WorldServerRMI 57 connectToLoginServer - Connection to login server failed java.rmi.ConnectIOException: error during JRMP connection establishment; nested exception is: 
	java.net.SocketTimeoutException: Read timed out
	at sun.rmi.transport.tcp.TCPChannel.createConnection(TCPChannel.java:304) ~[?:1.8.0_60]
	at sun.rmi.transport.tcp.TCPChannel.newConnection(TCPChannel.java:202) ~[?:1.8.0_60]
	at sun.rmi.server.UnicastRef.newCall(UnicastRef.java:342) ~[?:1.8.0_60]
	at sun.rmi.registry.RegistryImpl_Stub.lookup(Unknown Source) ~[?:1.8.0_60]
	at com.msemu.world.service.WorldServerRMI.connectToLoginServer(WorldServerRMI.java:42) ~[classes/:?]
	at com.msemu.world.service.WorldServerRMI.lambda$onConnectionLost$130(WorldServerRMI.java:112) ~[classes/:?]
	at java.util.concurrent.Executors$RunnableAdapter.call(Executors.java:511) [?:1.8.0_60]
	at java.util.concurrent.FutureTask.run(FutureTask.java:266) [?:1.8.0_60]
	at java.util.concurrent.ScheduledThreadPoolExecutor$ScheduledFutureTask.access$201(ScheduledThreadPoolExecutor.java:180) [?:1.8.0_60]
	at java.util.concurrent.ScheduledThreadPoolExecutor$ScheduledFutureTask.run(ScheduledThreadPoolExecutor.java:293) [?:1.8.0_60]
	at java.util.concurrent.ThreadPoolExecutor.runWorker(ThreadPoolExecutor.java:1142) [?:1.8.0_60]
	at java.util.concurrent.ThreadPoolExecutor$Worker.run(ThreadPoolExecutor.java:617) [?:1.8.0_60]
	at java.lang.Thread.run(Thread.java:745) [?:1.8.0_60]
Caused by: java.net.SocketTimeoutException: Read timed out
	at java.net.SocketInputStream.socketRead0(Native Method) ~[?:1.8.0_60]
	at java.net.SocketInputStream.socketRead(SocketInputStream.java:116) ~[?:1.8.0_60]
	at java.net.SocketInputStream.read(SocketInputStream.java:170) ~[?:1.8.0_60]
	at java.net.SocketInputStream.read(SocketInputStream.java:141) ~[?:1.8.0_60]
	at java.io.BufferedInputStream.fill(BufferedInputStream.java:246) ~[?:1.8.0_60]
	at java.io.BufferedInputStream.read(BufferedInputStream.java:265) ~[?:1.8.0_60]
	at java.io.DataInputStream.readByte(DataInputStream.java:265) ~[?:1.8.0_60]
	at sun.rmi.transport.tcp.TCPChannel.createConnection(TCPChannel.java:246) ~[?:1.8.0_60]
	... 12 more

